[debug] [2022-01-22T14:54:25.764Z] ----------------------------------------------------------------------
[debug] [2022-01-22T14:54:25.769Z] Command:       /usr/bin/node /usr/bin/firebase emulators:start
[debug] [2022-01-22T14:54:25.770Z] CLI Version:   10.1.0
[debug] [2022-01-22T14:54:25.771Z] Platform:      linux
[debug] [2022-01-22T14:54:25.771Z] Node Version:  v16.10.0
[debug] [2022-01-22T14:54:25.857Z] Time:          Sat Jan 22 2022 20:24:25 GMT+0530 (India Standard Time)
[debug] [2022-01-22T14:54:25.858Z] ----------------------------------------------------------------------
[debug] 
[debug] [2022-01-22T14:54:26.175Z] > command requires scopes: ["email","openid","https://www.googleapis.com/auth/cloudplatformprojects.readonly","https://www.googleapis.com/auth/firebase","https://www.googleapis.com/auth/cloud-platform"]
[debug] [2022-01-22T14:54:26.175Z] > authorizing via signed-in user (badrivishalmanitripathi@gmail.com)
[info] i  emulators: Starting emulators: functions, hosting {"metadata":{"emulator":{"name":"hub"},"message":"Starting emulators: functions, hosting"}}
[debug] [2022-01-22T14:54:26.273Z] [hub] writing locator at /tmp/hub-clone-52f9c.json
[warn] ⚠  functions: The following emulators are not running, calls to these services from the Functions emulator will affect production: auth, firestore, database, pubsub, storage {"metadata":{"emulator":{"name":"functions"},"message":"The following emulators are not running, calls to these services from the Functions emulator will affect production: \u001b[1mauth, firestore, database, pubsub, storage\u001b[22m"}}
[info] ✔  functions: Using node@16 from host. {"metadata":{"emulator":{"name":"functions"},"message":"Using node@16 from host."}}
[warn] ⚠  Your requested "node" version "16" doesn't match your global version "16" {"metadata":{"emulator":{"name":"functions"},"message":"Your requested \"node\" version \"16\" doesn't match your global version \"16\""}}
[debug] [2022-01-22T14:54:26.488Z] defaultcredentials: writing to file /home/badri/.config/firebase/badrivishalmanitripathi_gmail_com_application_default_credentials.json
[debug] [2022-01-22T14:54:26.502Z] Setting GAC to /home/badri/.config/firebase/badrivishalmanitripathi_gmail_com_application_default_credentials.json {"metadata":{"emulator":{"name":"functions"},"message":"Setting GAC to /home/badri/.config/firebase/badrivishalmanitripathi_gmail_com_application_default_credentials.json"}}
[debug] [2022-01-22T14:54:26.511Z] >>> [apiv2][query] GET https://firebase.googleapis.com/v1beta1/projects/clone-52f9c/adminSdkConfig [none]
[debug] [2022-01-22T14:54:32.028Z] <<< [apiv2][status] GET https://firebase.googleapis.com/v1beta1/projects/clone-52f9c/adminSdkConfig 200
[debug] [2022-01-22T14:54:32.028Z] <<< [apiv2][body] GET https://firebase.googleapis.com/v1beta1/projects/clone-52f9c/adminSdkConfig {"projectId":"clone-52f9c","storageBucket":"clone-52f9c.appspot.com"}
[debug] [2022-01-22T14:54:32.094Z] >>> [apiv2][query] GET https://firebasehosting.googleapis.com/v1beta1/projects/clone-52f9c/sites 
[debug] [2022-01-22T14:54:34.946Z] <<< [apiv2][status] GET https://firebasehosting.googleapis.com/v1beta1/projects/clone-52f9c/sites 200
[debug] [2022-01-22T14:54:34.947Z] <<< [apiv2][body] GET https://firebasehosting.googleapis.com/v1beta1/projects/clone-52f9c/sites {"sites":[{"name":"projects/1024437883498/sites/clone-52f9c","defaultUrl":"https://clone-52f9c.web.app","appId":"1:1024437883498:web:ef5498c1b620cb5828f013","type":"DEFAULT_SITE"}]}
[debug] [2022-01-22T14:54:34.949Z] >>> [apiv2][query] GET https://firebase.googleapis.com/v1beta1/projects/clone-52f9c/webApps/1:1024437883498:web:ef5498c1b620cb5828f013/config [none]
[debug] [2022-01-22T14:54:37.617Z] <<< [apiv2][status] GET https://firebase.googleapis.com/v1beta1/projects/clone-52f9c/webApps/1:1024437883498:web:ef5498c1b620cb5828f013/config 200
[debug] [2022-01-22T14:54:37.617Z] <<< [apiv2][body] GET https://firebase.googleapis.com/v1beta1/projects/clone-52f9c/webApps/1:1024437883498:web:ef5498c1b620cb5828f013/config {"projectId":"clone-52f9c","appId":"1:1024437883498:web:ef5498c1b620cb5828f013","storageBucket":"clone-52f9c.appspot.com","apiKey":"AIzaSyA-NffZEodLgwg3Y0qA8_NOxMDWvODfvx4","authDomain":"clone-52f9c.firebaseapp.com","messagingSenderId":"1024437883498","measurementId":"G-VFLKY0KY0L"}
[info] i  hosting: Serving hosting files from: build {"metadata":{"emulator":{"name":"hosting"},"message":"Serving hosting files from: \u001b[1mbuild\u001b[22m"}}
[info] ✔  hosting: Local server: http://localhost:5000 {"metadata":{"emulator":{"name":"hosting"},"message":"Local server: \u001b[4m\u001b[1mhttp://localhost:5000\u001b[22m\u001b[24m"}}
[debug] [2022-01-22T14:54:42.268Z] Ignoring unsupported arg: auto_download {"metadata":{"emulator":{"name":"ui"},"message":"Ignoring unsupported arg: auto_download"}}
[debug] [2022-01-22T14:54:42.269Z] Ignoring unsupported arg: port {"metadata":{"emulator":{"name":"ui"},"message":"Ignoring unsupported arg: port"}}
[debug] [2022-01-22T14:54:42.270Z] Starting Emulator UI with command {"binary":"node","args":["/home/badri/.cache/firebase/emulators/ui-v1.6.4/server.bundle.js"],"optionalArgs":[],"joinArgs":false} {"metadata":{"emulator":{"name":"ui"},"message":"Starting Emulator UI with command {\"binary\":\"node\",\"args\":[\"/home/badri/.cache/firebase/emulators/ui-v1.6.4/server.bundle.js\"],\"optionalArgs\":[],\"joinArgs\":false}"}}
[info] i  ui: Emulator UI logging to ui-debug.log {"metadata":{"emulator":{"name":"ui"},"message":"Emulator UI logging to \u001b[1mui-debug.log\u001b[22m"}}
[debug] [2022-01-22T14:54:42.912Z] Web / API server started at localhost:4000
 {"metadata":{"emulator":{"name":"ui"},"message":"Web / API server started at localhost:4000\n"}}
[info] i  functions: Watching "/home/badri/Documents/MERN Stack/amazon-clone/functions" for Cloud Functions... {"metadata":{"emulator":{"name":"functions"},"message":"Watching \"/home/badri/Documents/MERN Stack/amazon-clone/functions\" for Cloud Functions..."}}
[debug] [2022-01-22T14:54:43.099Z] [worker-pool] addWorker(~diagnostic~) {"metadata":{"emulator":{"name":"functions"},"message":"[worker-pool] addWorker(~diagnostic~)"}}
[debug] [2022-01-22T14:54:43.101Z] [worker-pool] Adding worker with key ~diagnostic~, total=1 {"metadata":{"emulator":{"name":"functions"},"message":"[worker-pool] Adding worker with key ~diagnostic~, total=1"}}
[debug] [2022-01-22T14:54:43.102Z] [worker-pool] submitWork(triggerId=) {"metadata":{"emulator":{"name":"functions"},"message":"[worker-pool] submitWork(triggerId=)"}}
[debug] [2022-01-22T14:54:43.104Z] [worker-~diagnostic~-c6336651-98b9-4625-9858-73838602b195]: Assigning socketPath: /tmp/fire_emu_6344.sock {"metadata":{"emulator":{"name":"functions"},"message":"[worker-~diagnostic~-c6336651-98b9-4625-9858-73838602b195]: Assigning socketPath: /tmp/fire_emu_6344.sock"}}
[debug] [2022-01-22T14:54:43.106Z] [worker-~diagnostic~-c6336651-98b9-4625-9858-73838602b195]: BUSY {"metadata":{"emulator":{"name":"functions"},"message":"[worker-~diagnostic~-c6336651-98b9-4625-9858-73838602b195]: BUSY"}}
[debug] [2022-01-22T14:54:43.413Z] [runtime-status] [6344] Functions runtime initialized. {"cwd":"/home/badri/Documents/MERN Stack/amazon-clone/functions","node_version":"16.10.0"} {"metadata":{"emulator":{"name":"functions"},"message":"[runtime-status] [6344] Functions runtime initialized. {\"cwd\":\"/home/badri/Documents/MERN Stack/amazon-clone/functions\",\"node_version\":\"16.10.0\"}"}}
[debug] [2022-01-22T14:54:43.418Z] [runtime-status] [6344] Disabled runtime features: undefined {"metadata":{"emulator":{"name":"functions"},"message":"[runtime-status] [6344] Disabled runtime features: undefined"}}
[debug] [2022-01-22T14:54:43.421Z] [runtime-status] [6344] Resolved module firebase-admin {"declared":true,"installed":true,"version":"9.12.0","resolution":"/home/badri/Documents/MERN Stack/amazon-clone/functions/node_modules/firebase-admin/lib/index.js"} {"metadata":{"emulator":{"name":"functions"},"message":"[runtime-status] [6344] Resolved module firebase-admin {\"declared\":true,\"installed\":true,\"version\":\"9.12.0\",\"resolution\":\"/home/badri/Documents/MERN Stack/amazon-clone/functions/node_modules/firebase-admin/lib/index.js\"}"}}
[debug] [2022-01-22T14:54:43.427Z] [runtime-status] [6344] Resolved module firebase-functions {"declared":true,"installed":true,"version":"3.16.0","resolution":"/home/badri/Documents/MERN Stack/amazon-clone/functions/node_modules/firebase-functions/lib/index.js"} {"metadata":{"emulator":{"name":"functions"},"message":"[runtime-status] [6344] Resolved module firebase-functions {\"declared\":true,\"installed\":true,\"version\":\"3.16.0\",\"resolution\":\"/home/badri/Documents/MERN Stack/amazon-clone/functions/node_modules/firebase-functions/lib/index.js\"}"}}
[debug] [2022-01-22T14:54:43.433Z] [runtime-status] [6344] Outgoing network have been stubbed. [{"name":"http","status":"mocked"},{"name":"http","status":"mocked"},{"name":"https","status":"mocked"},{"name":"https","status":"mocked"},{"name":"net","status":"mocked"}] {"metadata":{"emulator":{"name":"functions"},"message":"[runtime-status] [6344] Outgoing network have been stubbed. [{\"name\":\"http\",\"status\":\"mocked\"},{\"name\":\"http\",\"status\":\"mocked\"},{\"name\":\"https\",\"status\":\"mocked\"},{\"name\":\"https\",\"status\":\"mocked\"},{\"name\":\"net\",\"status\":\"mocked\"}]"}}
[debug] [2022-01-22T14:54:43.436Z] [runtime-status] [6344] Resolved module firebase-functions {"declared":true,"installed":true,"version":"3.16.0","resolution":"/home/badri/Documents/MERN Stack/amazon-clone/functions/node_modules/firebase-functions/lib/index.js"} {"metadata":{"emulator":{"name":"functions"},"message":"[runtime-status] [6344] Resolved module firebase-functions {\"declared\":true,\"installed\":true,\"version\":\"3.16.0\",\"resolution\":\"/home/badri/Documents/MERN Stack/amazon-clone/functions/node_modules/firebase-functions/lib/index.js\"}"}}
[debug] [2022-01-22T14:54:43.531Z] [runtime-status] [6344] Checked functions.config() {"config":{}} {"metadata":{"emulator":{"name":"functions"},"message":"[runtime-status] [6344] Checked functions.config() {\"config\":{}}"}}
[debug] [2022-01-22T14:54:43.532Z] [runtime-status] [6344] firebase-functions has been stubbed. {"functionsResolution":{"declared":true,"installed":true,"version":"3.16.0","resolution":"/home/badri/Documents/MERN Stack/amazon-clone/functions/node_modules/firebase-functions/lib/index.js"}} {"metadata":{"emulator":{"name":"functions"},"message":"[runtime-status] [6344] firebase-functions has been stubbed. {\"functionsResolution\":{\"declared\":true,\"installed\":true,\"version\":\"3.16.0\",\"resolution\":\"/home/badri/Documents/MERN Stack/amazon-clone/functions/node_modules/firebase-functions/lib/index.js\"}}"}}
[debug] [2022-01-22T14:54:43.538Z] [runtime-status] [6344] Resolved module firebase-functions {"declared":true,"installed":true,"version":"3.16.0","resolution":"/home/badri/Documents/MERN Stack/amazon-clone/functions/node_modules/firebase-functions/lib/index.js"} {"metadata":{"emulator":{"name":"functions"},"message":"[runtime-status] [6344] Resolved module firebase-functions {\"declared\":true,\"installed\":true,\"version\":\"3.16.0\",\"resolution\":\"/home/badri/Documents/MERN Stack/amazon-clone/functions/node_modules/firebase-functions/lib/index.js\"}"}}
[debug] [2022-01-22T14:54:43.539Z] [runtime-status] [6344] Resolved module firebase-admin {"declared":true,"installed":true,"version":"9.12.0","resolution":"/home/badri/Documents/MERN Stack/amazon-clone/functions/node_modules/firebase-admin/lib/index.js"} {"metadata":{"emulator":{"name":"functions"},"message":"[runtime-status] [6344] Resolved module firebase-admin {\"declared\":true,\"installed\":true,\"version\":\"9.12.0\",\"resolution\":\"/home/badri/Documents/MERN Stack/amazon-clone/functions/node_modules/firebase-admin/lib/index.js\"}"}}
[debug] [2022-01-22T14:54:43.542Z] [runtime-status] [6344] Resolved module firebase-functions {"declared":true,"installed":true,"version":"3.16.0","resolution":"/home/badri/Documents/MERN Stack/amazon-clone/functions/node_modules/firebase-functions/lib/index.js"} {"metadata":{"emulator":{"name":"functions"},"message":"[runtime-status] [6344] Resolved module firebase-functions {\"declared\":true,\"installed\":true,\"version\":\"3.16.0\",\"resolution\":\"/home/badri/Documents/MERN Stack/amazon-clone/functions/node_modules/firebase-functions/lib/index.js\"}"}}
[debug] [2022-01-22T14:54:43.543Z] [runtime-status] [6344] firebase-admin has been stubbed. {"adminResolution":{"declared":true,"installed":true,"version":"9.12.0","resolution":"/home/badri/Documents/MERN Stack/amazon-clone/functions/node_modules/firebase-admin/lib/index.js"}} {"metadata":{"emulator":{"name":"functions"},"message":"[runtime-status] [6344] firebase-admin has been stubbed. {\"adminResolution\":{\"declared\":true,\"installed\":true,\"version\":\"9.12.0\",\"resolution\":\"/home/badri/Documents/MERN Stack/amazon-clone/functions/node_modules/firebase-admin/lib/index.js\"}}"}}
[info] ✔  functions[us-central1-api]: http function initialized (http://localhost:5001/clone-52f9c/us-central1/api). {"metadata":{"emulator":{"name":"functions"},"message":"\u001b[1mhttp\u001b[22m function initialized (http://localhost:5001/clone-52f9c/us-central1/api)."}}
[info] 
┌─────────────────────────────────────────────────────────────┐
│ ✔  All emulators ready! It is now safe to connect your app. │
│ i  View Emulator UI at http://localhost:4000                │
└─────────────────────────────────────────────────────────────┘

┌───────────┬────────────────┬─────────────────────────────────┐
│ Emulator  │ Host:Port      │ View in Emulator UI             │
├───────────┼────────────────┼─────────────────────────────────┤
│ Functions │ localhost:5001 │ http://localhost:4000/functions │
├───────────┼────────────────┼─────────────────────────────────┤
│ Hosting   │ localhost:5000 │ n/a                             │
└───────────┴────────────────┴─────────────────────────────────┘
  Emulator Hub running at localhost:4400
  Other reserved ports: 4500

Issues? Report them at https://github.com/firebase/firebase-tools/issues and attach the *-debug.log files.
 
[debug] [2022-01-22T14:54:43.786Z] [worker-~diagnostic~-c6336651-98b9-4625-9858-73838602b195]: IDLE {"metadata":{"emulator":{"name":"functions"},"message":"[worker-~diagnostic~-c6336651-98b9-4625-9858-73838602b195]: IDLE"}}
[debug] [2022-01-22T14:54:53.331Z] [work-queue] {"queueLength":1,"workRunningCount":0}
[debug] [2022-01-22T14:54:53.333Z] [work-queue] {"queueLength":0,"workRunningCount":1}
[debug] [2022-01-22T14:54:53.334Z] Accepted request POST /clone-52f9c/us-central1/api/payments/create?total=45235260 --> us-central1-api
[debug] [2022-01-22T14:54:53.359Z] [worker-pool] addWorker(us-central1-api) {"metadata":{"emulator":{"name":"functions"},"message":"[worker-pool] addWorker(us-central1-api)"}}
[debug] [2022-01-22T14:54:53.360Z] [worker-pool] Adding worker with key us-central1-api, total=1 {"metadata":{"emulator":{"name":"functions"},"message":"[worker-pool] Adding worker with key us-central1-api, total=1"}}
[debug] [2022-01-22T14:54:53.360Z] [worker-pool] submitWork(triggerId=us-central1-api) {"metadata":{"emulator":{"name":"functions"},"message":"[worker-pool] submitWork(triggerId=us-central1-api)"}}
[debug] [2022-01-22T14:54:53.361Z] [worker-us-central1-api-2f80da73-8278-4074-bed9-fedc9d56aaaa]: Assigning socketPath: /tmp/fire_emu_6403.sock {"metadata":{"emulator":{"name":"functions"},"message":"[worker-us-central1-api-2f80da73-8278-4074-bed9-fedc9d56aaaa]: Assigning socketPath: /tmp/fire_emu_6403.sock"}}
[debug] [2022-01-22T14:54:53.361Z] [worker-us-central1-api-2f80da73-8278-4074-bed9-fedc9d56aaaa]: BUSY {"metadata":{"emulator":{"name":"functions"},"message":"[worker-us-central1-api-2f80da73-8278-4074-bed9-fedc9d56aaaa]: BUSY"}}
[debug] [2022-01-22T14:54:53.824Z] [runtime-status] [6403] Functions runtime initialized. {"cwd":"/home/badri/Documents/MERN Stack/amazon-clone/functions","node_version":"16.10.0"} {"metadata":{"emulator":{"name":"functions"},"function":{"name":"us-central1-api"},"message":"[runtime-status] [6403] Functions runtime initialized. {\"cwd\":\"/home/badri/Documents/MERN Stack/amazon-clone/functions\",\"node_version\":\"16.10.0\"}"}}
[debug] [2022-01-22T14:54:53.830Z] [runtime-status] [6403] Disabled runtime features: undefined {"metadata":{"emulator":{"name":"functions"},"function":{"name":"us-central1-api"},"message":"[runtime-status] [6403] Disabled runtime features: undefined"}}
[debug] [2022-01-22T14:54:53.838Z] [runtime-status] [6403] Resolved module firebase-admin {"declared":true,"installed":true,"version":"9.12.0","resolution":"/home/badri/Documents/MERN Stack/amazon-clone/functions/node_modules/firebase-admin/lib/index.js"} {"metadata":{"emulator":{"name":"functions"},"function":{"name":"us-central1-api"},"message":"[runtime-status] [6403] Resolved module firebase-admin {\"declared\":true,\"installed\":true,\"version\":\"9.12.0\",\"resolution\":\"/home/badri/Documents/MERN Stack/amazon-clone/functions/node_modules/firebase-admin/lib/index.js\"}"}}
[debug] [2022-01-22T14:54:53.844Z] [runtime-status] [6403] Resolved module firebase-functions {"declared":true,"installed":true,"version":"3.16.0","resolution":"/home/badri/Documents/MERN Stack/amazon-clone/functions/node_modules/firebase-functions/lib/index.js"} {"metadata":{"emulator":{"name":"functions"},"function":{"name":"us-central1-api"},"message":"[runtime-status] [6403] Resolved module firebase-functions {\"declared\":true,\"installed\":true,\"version\":\"3.16.0\",\"resolution\":\"/home/badri/Documents/MERN Stack/amazon-clone/functions/node_modules/firebase-functions/lib/index.js\"}"}}
[debug] [2022-01-22T14:54:53.855Z] [runtime-status] [6403] Outgoing network have been stubbed. [{"name":"http","status":"mocked"},{"name":"http","status":"mocked"},{"name":"https","status":"mocked"},{"name":"https","status":"mocked"},{"name":"net","status":"mocked"}] {"metadata":{"emulator":{"name":"functions"},"function":{"name":"us-central1-api"},"message":"[runtime-status] [6403] Outgoing network have been stubbed. [{\"name\":\"http\",\"status\":\"mocked\"},{\"name\":\"http\",\"status\":\"mocked\"},{\"name\":\"https\",\"status\":\"mocked\"},{\"name\":\"https\",\"status\":\"mocked\"},{\"name\":\"net\",\"status\":\"mocked\"}]"}}
[debug] [2022-01-22T14:54:53.860Z] [runtime-status] [6403] Resolved module firebase-functions {"declared":true,"installed":true,"version":"3.16.0","resolution":"/home/badri/Documents/MERN Stack/amazon-clone/functions/node_modules/firebase-functions/lib/index.js"} {"metadata":{"emulator":{"name":"functions"},"function":{"name":"us-central1-api"},"message":"[runtime-status] [6403] Resolved module firebase-functions {\"declared\":true,\"installed\":true,\"version\":\"3.16.0\",\"resolution\":\"/home/badri/Documents/MERN Stack/amazon-clone/functions/node_modules/firebase-functions/lib/index.js\"}"}}
[debug] [2022-01-22T14:54:54.001Z] [runtime-status] [6403] Checked functions.config() {"config":{}} {"metadata":{"emulator":{"name":"functions"},"function":{"name":"us-central1-api"},"message":"[runtime-status] [6403] Checked functions.config() {\"config\":{}}"}}
[debug] [2022-01-22T14:54:54.002Z] [runtime-status] [6403] firebase-functions has been stubbed. {"functionsResolution":{"declared":true,"installed":true,"version":"3.16.0","resolution":"/home/badri/Documents/MERN Stack/amazon-clone/functions/node_modules/firebase-functions/lib/index.js"}} {"metadata":{"emulator":{"name":"functions"},"function":{"name":"us-central1-api"},"message":"[runtime-status] [6403] firebase-functions has been stubbed. {\"functionsResolution\":{\"declared\":true,\"installed\":true,\"version\":\"3.16.0\",\"resolution\":\"/home/badri/Documents/MERN Stack/amazon-clone/functions/node_modules/firebase-functions/lib/index.js\"}}"}}
[debug] [2022-01-22T14:54:54.004Z] [runtime-status] [6403] Resolved module firebase-functions {"declared":true,"installed":true,"version":"3.16.0","resolution":"/home/badri/Documents/MERN Stack/amazon-clone/functions/node_modules/firebase-functions/lib/index.js"} {"metadata":{"emulator":{"name":"functions"},"function":{"name":"us-central1-api"},"message":"[runtime-status] [6403] Resolved module firebase-functions {\"declared\":true,\"installed\":true,\"version\":\"3.16.0\",\"resolution\":\"/home/badri/Documents/MERN Stack/amazon-clone/functions/node_modules/firebase-functions/lib/index.js\"}"}}
[debug] [2022-01-22T14:54:54.012Z] [runtime-status] [6403] Resolved module firebase-admin {"declared":true,"installed":true,"version":"9.12.0","resolution":"/home/badri/Documents/MERN Stack/amazon-clone/functions/node_modules/firebase-admin/lib/index.js"} {"metadata":{"emulator":{"name":"functions"},"function":{"name":"us-central1-api"},"message":"[runtime-status] [6403] Resolved module firebase-admin {\"declared\":true,\"installed\":true,\"version\":\"9.12.0\",\"resolution\":\"/home/badri/Documents/MERN Stack/amazon-clone/functions/node_modules/firebase-admin/lib/index.js\"}"}}
[debug] [2022-01-22T14:54:54.012Z] [runtime-status] [6403] Resolved module firebase-functions {"declared":true,"installed":true,"version":"3.16.0","resolution":"/home/badri/Documents/MERN Stack/amazon-clone/functions/node_modules/firebase-functions/lib/index.js"} {"metadata":{"emulator":{"name":"functions"},"function":{"name":"us-central1-api"},"message":"[runtime-status] [6403] Resolved module firebase-functions {\"declared\":true,\"installed\":true,\"version\":\"3.16.0\",\"resolution\":\"/home/badri/Documents/MERN Stack/amazon-clone/functions/node_modules/firebase-functions/lib/index.js\"}"}}
[debug] [2022-01-22T14:54:54.013Z] [runtime-status] [6403] firebase-admin has been stubbed. {"adminResolution":{"declared":true,"installed":true,"version":"9.12.0","resolution":"/home/badri/Documents/MERN Stack/amazon-clone/functions/node_modules/firebase-admin/lib/index.js"}} {"metadata":{"emulator":{"name":"functions"},"function":{"name":"us-central1-api"},"message":"[runtime-status] [6403] firebase-admin has been stubbed. {\"adminResolution\":{\"declared\":true,\"installed\":true,\"version\":\"9.12.0\",\"resolution\":\"/home/badri/Documents/MERN Stack/amazon-clone/functions/node_modules/firebase-admin/lib/index.js\"}}"}}
[debug] [2022-01-22T14:54:54.265Z] [runtime-status] [6403] Trigger "us-central1-api" has been found, beginning invocation! {"metadata":{"emulator":{"name":"functions"},"function":{"name":"us-central1-api"},"message":"[runtime-status] [6403] Trigger \"us-central1-api\" has been found, beginning invocation!"}}
[info] i  functions: Beginning execution of "us-central1-api" {"metadata":{"emulator":{"name":"functions"},"function":{"name":"us-central1-api"},"message":"Beginning execution of \"us-central1-api\""}}
[debug] [2022-01-22T14:54:54.268Z] [runtime-status] [6403] triggerDefinition {"httpsTrigger":{},"name":"api","entryPoint":"api","regions":["us-central1"],"region":"us-central1","id":"us-central1-api","platform":"gcfv1"} {"metadata":{"emulator":{"name":"functions"},"function":{"name":"us-central1-api"},"message":"[runtime-status] [6403] triggerDefinition {\"httpsTrigger\":{},\"name\":\"api\",\"entryPoint\":\"api\",\"regions\":[\"us-central1\"],\"region\":\"us-central1\",\"id\":\"us-central1-api\",\"platform\":\"gcfv1\"}"}}
[debug] [2022-01-22T14:54:54.269Z] [runtime-status] [6403] Running us-central1-api in signature http {"metadata":{"emulator":{"name":"functions"},"function":{"name":"us-central1-api"},"message":"[runtime-status] [6403] Running us-central1-api in signature http"}}
[debug] [2022-01-22T14:54:54.278Z] [runtime-status] [6403] Attempting to listen to socketPath: /tmp/fire_emu_6403.sock {"metadata":{"emulator":{"name":"functions"},"function":{"name":"us-central1-api"},"message":"[runtime-status] [6403] Attempting to listen to socketPath: /tmp/fire_emu_6403.sock"}}
[debug] [2022-01-22T14:54:54.288Z] [functions] Runtime ready! Sending request! {"metadata":{"emulator":{"name":"functions"},"message":"[functions] Runtime ready! Sending request!"}}
[debug] [2022-01-22T14:54:54.291Z] [functions] Got req.url=/clone-52f9c/us-central1/api/payments/create?total=45235260, mapping to path=/payments/create?total=45235260 {"metadata":{"emulator":{"name":"functions"},"message":"[functions] Got req.url=/clone-52f9c/us-central1/api/payments/create?total=45235260, mapping to path=/payments/create?total=45235260"}}
[debug] [2022-01-22T14:54:54.330Z] [runtime-status] [6403] Ephemeral server handling POST request {"metadata":{"emulator":{"name":"functions"},"function":{"name":"us-central1-api"},"message":"[runtime-status] [6403] Ephemeral server handling POST request"}}
[info] >  Payment Request Recieved BOOM!!! for this amount 45235260 {"user":"Payment Request Recieved BOOM!!! for this amount 45235260","metadata":{"emulator":{"name":"functions"},"function":{"name":"us-central1-api"},"message":"\u001b[90m> \u001b[39m Payment Request Recieved BOOM!!! for this amount 45235260"}}
[debug] [2022-01-22T14:54:54.380Z] [runtime-status] [6403] Ephemeral server survived. {"metadata":{"emulator":{"name":"functions"},"function":{"name":"us-central1-api"},"message":"[runtime-status] [6403] Ephemeral server survived."}}
[info] i  functions: Finished "us-central1-api" in ~1s {"metadata":{"emulator":{"name":"functions"},"function":{"name":"us-central1-api"},"message":"Finished \"us-central1-api\" in ~1s"}}
[debug] [2022-01-22T14:54:55.719Z] [worker-us-central1-api-2f80da73-8278-4074-bed9-fedc9d56aaaa]: IDLE {"metadata":{"emulator":{"name":"functions"},"message":"[worker-us-central1-api-2f80da73-8278-4074-bed9-fedc9d56aaaa]: IDLE"}}
[debug] [2022-01-22T14:54:55.721Z] [work-queue] {"queueLength":0,"workRunningCount":0}
[debug] [2022-01-22T15:27:23.990Z] [work-queue] {"queueLength":1,"workRunningCount":0}
[debug] [2022-01-22T15:27:24.900Z] [work-queue] {"queueLength":0,"workRunningCount":1}
[debug] [2022-01-22T15:27:24.901Z] Accepted request POST /clone-52f9c/us-central1/api/payments/create?total=45235260 --> us-central1-api
[debug] [2022-01-22T15:27:25.545Z] [worker-pool] submitWork(triggerId=us-central1-api) {"metadata":{"emulator":{"name":"functions"},"message":"[worker-pool] submitWork(triggerId=us-central1-api)"}}
[debug] [2022-01-22T15:27:25.729Z] [worker-us-central1-api-2f80da73-8278-4074-bed9-fedc9d56aaaa]: Assigning socketPath: /tmp/fire_emu_6403.sock {"metadata":{"emulator":{"name":"functions"},"message":"[worker-us-central1-api-2f80da73-8278-4074-bed9-fedc9d56aaaa]: Assigning socketPath: /tmp/fire_emu_6403.sock"}}
[debug] [2022-01-22T15:27:25.730Z] [worker-us-central1-api-2f80da73-8278-4074-bed9-fedc9d56aaaa]: BUSY {"metadata":{"emulator":{"name":"functions"},"message":"[worker-us-central1-api-2f80da73-8278-4074-bed9-fedc9d56aaaa]: BUSY"}}
[debug] [2022-01-22T15:27:27.146Z] [runtime-status] [6403] Trigger "us-central1-api" has been found, beginning invocation! {"metadata":{"emulator":{"name":"functions"},"function":{"name":"us-central1-api"},"message":"[runtime-status] [6403] Trigger \"us-central1-api\" has been found, beginning invocation!"}}
[info] i  functions: Beginning execution of "us-central1-api" {"metadata":{"emulator":{"name":"functions"},"function":{"name":"us-central1-api"},"message":"Beginning execution of \"us-central1-api\""}}
[debug] [2022-01-22T15:27:27.504Z] [runtime-status] [6403] triggerDefinition {"httpsTrigger":{},"name":"api","entryPoint":"api","regions":["us-central1"],"region":"us-central1","id":"us-central1-api","platform":"gcfv1"} {"metadata":{"emulator":{"name":"functions"},"function":{"name":"us-central1-api"},"message":"[runtime-status] [6403] triggerDefinition {\"httpsTrigger\":{},\"name\":\"api\",\"entryPoint\":\"api\",\"regions\":[\"us-central1\"],\"region\":\"us-central1\",\"id\":\"us-central1-api\",\"platform\":\"gcfv1\"}"}}
[debug] [2022-01-22T15:27:27.505Z] [runtime-status] [6403] Running us-central1-api in signature http {"metadata":{"emulator":{"name":"functions"},"function":{"name":"us-central1-api"},"message":"[runtime-status] [6403] Running us-central1-api in signature http"}}
[debug] [2022-01-22T15:27:27.506Z] [runtime-status] [6403] Attempting to listen to socketPath: /tmp/fire_emu_6403.sock {"metadata":{"emulator":{"name":"functions"},"function":{"name":"us-central1-api"},"message":"[runtime-status] [6403] Attempting to listen to socketPath: /tmp/fire_emu_6403.sock"}}
[debug] [2022-01-22T15:27:30.326Z] [functions] Runtime ready! Sending request! {"metadata":{"emulator":{"name":"functions"},"message":"[functions] Runtime ready! Sending request!"}}
[debug] [2022-01-22T15:27:30.852Z] [functions] Got req.url=/clone-52f9c/us-central1/api/payments/create?total=45235260, mapping to path=/payments/create?total=45235260 {"metadata":{"emulator":{"name":"functions"},"message":"[functions] Got req.url=/clone-52f9c/us-central1/api/payments/create?total=45235260, mapping to path=/payments/create?total=45235260"}}
[debug] [2022-01-22T15:27:35.286Z] [runtime-status] [6403] Ephemeral server handling POST request {"metadata":{"emulator":{"name":"functions"},"function":{"name":"us-central1-api"},"message":"[runtime-status] [6403] Ephemeral server handling POST request"}}
[info] >  Payment Request Recieved BOOM!!! for this amount 45235260 {"user":"Payment Request Recieved BOOM!!! for this amount 45235260","metadata":{"emulator":{"name":"functions"},"function":{"name":"us-central1-api"},"message":"\u001b[90m> \u001b[39m Payment Request Recieved BOOM!!! for this amount 45235260"}}
[debug] [2022-01-22T15:27:36.719Z] [runtime-status] [6403] Ephemeral server survived. {"metadata":{"emulator":{"name":"functions"},"function":{"name":"us-central1-api"},"message":"[runtime-status] [6403] Ephemeral server survived."}}
[info] i  functions: Finished "us-central1-api" in ~11s {"metadata":{"emulator":{"name":"functions"},"function":{"name":"us-central1-api"},"message":"Finished \"us-central1-api\" in ~11s"}}
[debug] [2022-01-22T15:27:38.215Z] [worker-us-central1-api-2f80da73-8278-4074-bed9-fedc9d56aaaa]: IDLE {"metadata":{"emulator":{"name":"functions"},"message":"[worker-us-central1-api-2f80da73-8278-4074-bed9-fedc9d56aaaa]: IDLE"}}
[debug] [2022-01-22T15:27:38.217Z] [work-queue] {"queueLength":0,"workRunningCount":0}
[debug] [2022-01-22T15:28:29.827Z] [work-queue] {"queueLength":1,"workRunningCount":0}
[debug] [2022-01-22T15:28:29.827Z] [work-queue] {"queueLength":0,"workRunningCount":1}
[debug] [2022-01-22T15:28:29.828Z] Accepted request POST /clone-52f9c/us-central1/api/payments/create?total=62006068 --> us-central1-api
[debug] [2022-01-22T15:28:29.828Z] [worker-pool] submitWork(triggerId=us-central1-api) {"metadata":{"emulator":{"name":"functions"},"message":"[worker-pool] submitWork(triggerId=us-central1-api)"}}
[debug] [2022-01-22T15:28:29.829Z] [worker-us-central1-api-2f80da73-8278-4074-bed9-fedc9d56aaaa]: Assigning socketPath: /tmp/fire_emu_6403.sock {"metadata":{"emulator":{"name":"functions"},"message":"[worker-us-central1-api-2f80da73-8278-4074-bed9-fedc9d56aaaa]: Assigning socketPath: /tmp/fire_emu_6403.sock"}}
[debug] [2022-01-22T15:28:29.829Z] [worker-us-central1-api-2f80da73-8278-4074-bed9-fedc9d56aaaa]: BUSY {"metadata":{"emulator":{"name":"functions"},"message":"[worker-us-central1-api-2f80da73-8278-4074-bed9-fedc9d56aaaa]: BUSY"}}
[debug] [2022-01-22T15:28:29.832Z] [runtime-status] [6403] Trigger "us-central1-api" has been found, beginning invocation! {"metadata":{"emulator":{"name":"functions"},"function":{"name":"us-central1-api"},"message":"[runtime-status] [6403] Trigger \"us-central1-api\" has been found, beginning invocation!"}}
[info] i  functions: Beginning execution of "us-central1-api" {"metadata":{"emulator":{"name":"functions"},"function":{"name":"us-central1-api"},"message":"Beginning execution of \"us-central1-api\""}}
[debug] [2022-01-22T15:28:29.833Z] [runtime-status] [6403] triggerDefinition {"httpsTrigger":{},"name":"api","entryPoint":"api","regions":["us-central1"],"region":"us-central1","id":"us-central1-api","platform":"gcfv1"} {"metadata":{"emulator":{"name":"functions"},"function":{"name":"us-central1-api"},"message":"[runtime-status] [6403] triggerDefinition {\"httpsTrigger\":{},\"name\":\"api\",\"entryPoint\":\"api\",\"regions\":[\"us-central1\"],\"region\":\"us-central1\",\"id\":\"us-central1-api\",\"platform\":\"gcfv1\"}"}}
[debug] [2022-01-22T15:28:29.834Z] [runtime-status] [6403] Running us-central1-api in signature http {"metadata":{"emulator":{"name":"functions"},"function":{"name":"us-central1-api"},"message":"[runtime-status] [6403] Running us-central1-api in signature http"}}
[debug] [2022-01-22T15:28:29.837Z] [runtime-status] [6403] Attempting to listen to socketPath: /tmp/fire_emu_6403.sock {"metadata":{"emulator":{"name":"functions"},"function":{"name":"us-central1-api"},"message":"[runtime-status] [6403] Attempting to listen to socketPath: /tmp/fire_emu_6403.sock"}}
[debug] [2022-01-22T15:28:29.839Z] [functions] Runtime ready! Sending request! {"metadata":{"emulator":{"name":"functions"},"message":"[functions] Runtime ready! Sending request!"}}
[debug] [2022-01-22T15:28:29.839Z] [functions] Got req.url=/clone-52f9c/us-central1/api/payments/create?total=62006068, mapping to path=/payments/create?total=62006068 {"metadata":{"emulator":{"name":"functions"},"message":"[functions] Got req.url=/clone-52f9c/us-central1/api/payments/create?total=62006068, mapping to path=/payments/create?total=62006068"}}
[debug] [2022-01-22T15:28:29.851Z] [runtime-status] [6403] Ephemeral server handling POST request {"metadata":{"emulator":{"name":"functions"},"function":{"name":"us-central1-api"},"message":"[runtime-status] [6403] Ephemeral server handling POST request"}}
[info] >  Payment Request Recieved BOOM!!! for this amount 62006068 {"user":"Payment Request Recieved BOOM!!! for this amount 62006068","metadata":{"emulator":{"name":"functions"},"function":{"name":"us-central1-api"},"message":"\u001b[90m> \u001b[39m Payment Request Recieved BOOM!!! for this amount 62006068"}}
[debug] [2022-01-22T15:28:29.945Z] [runtime-status] [6403] Ephemeral server survived. {"metadata":{"emulator":{"name":"functions"},"function":{"name":"us-central1-api"},"message":"[runtime-status] [6403] Ephemeral server survived."}}
[info] i  functions: Finished "us-central1-api" in ~1s {"metadata":{"emulator":{"name":"functions"},"function":{"name":"us-central1-api"},"message":"Finished \"us-central1-api\" in ~1s"}}
[debug] [2022-01-22T15:28:30.339Z] [worker-us-central1-api-2f80da73-8278-4074-bed9-fedc9d56aaaa]: IDLE {"metadata":{"emulator":{"name":"functions"},"message":"[worker-us-central1-api-2f80da73-8278-4074-bed9-fedc9d56aaaa]: IDLE"}}
[debug] [2022-01-22T15:28:30.339Z] [work-queue] {"queueLength":0,"workRunningCount":0}
